<?xml version="1.0" encoding="UTF-8"?>
<testng-results ignored="0" total="1" passed="1" failed="0" skipped="0">
  <reporter-output>
  </reporter-output>
  <suite started-at="2020-05-25T07:09:46 EET" name="Default suite" finished-at="2020-05-25T07:10:04 EET" duration-ms="17546">
    <groups>
    </groups>
    <test started-at="2020-05-25T07:09:46 EET" name="Default test" finished-at="2020-05-25T07:10:04 EET" duration-ms="17546">
      <class name="terkwazFramWork.seleniumJava.HeroKuappTest">
        <test-method is-config="true" signature="init()[pri:0, instance:terkwazFramWork.seleniumJava.HeroKuappTest@6c779568]" started-at="2020-05-25T07:09:46 EET" name="init" finished-at="2020-05-25T07:09:58 EET" duration-ms="11307" status="PASS">
          <reporter-output>
          </reporter-output>
        </test-method> <!-- init -->
        <test-method signature="GoogleTestCase()[pri:0, instance:terkwazFramWork.seleniumJava.HeroKuappTest@6c779568]" started-at="2020-05-25T07:09:58 EET" name="GoogleTestCase" finished-at="2020-05-25T07:10:04 EET" duration-ms="6186" status="PASS">
          <reporter-output>
          </reporter-output>
        </test-method> <!-- GoogleTestCase -->
        <test-method is-config="true" signature="tearDown()[pri:0, instance:terkwazFramWork.seleniumJava.HeroKuappTest@6c779568]" started-at="2020-05-25T07:10:04 EET" name="tearDown" finished-at="2020-05-25T07:10:04 EET" duration-ms="1" status="PASS">
          <reporter-output>
          </reporter-output>
        </test-method> <!-- tearDown -->
      </class> <!-- terkwazFramWork.seleniumJava.HeroKuappTest -->
    </test> <!-- Default test -->
  </suite> <!-- Default suite -->
</testng-results>
